  main.cpp
C:\Users\Victor\source\repos\DataOrientedShooter\DataOrientedShooter\SystemManager.h(20,1): error C2664: 'void std::_Hash<std::_Umap_traits<_Kty,_Ty,std::_Uhash_compare<_Kty,_Hasher,_Keyeq>,_Alloc,false>>::insert(std::initializer_list<std::pair<const char *const ,std::shared_ptr<System>>>)': cannot convert argument 1 from 'std::pair<const char *,std::shared_ptr<PhysicsSystem>>' to 'std::initializer_list<_Ty>'
          with
          [
              _Kty=const char *,
              _Ty=std::shared_ptr<System>,
              _Hasher=std::hash<const char *>,
              _Keyeq=std::equal_to<const char *>,
              _Alloc=std::allocator<std::pair<const char *const ,std::shared_ptr<System>>>
          ]
          and
          [
              _Ty=std::pair<const char *const ,std::shared_ptr<System>>
          ]
C:\Users\Victor\source\repos\DataOrientedShooter\DataOrientedShooter\SystemManager.h(20,18): message : No user-defined-conversion operator available that can perform this conversion, or the operator cannot be called
C:\Program Files (x86)\Microsoft Visual Studio\2019\Community\VC\Tools\MSVC\14.29.30133\include\xhash(934,10): message : see declaration of 'std::_Hash<std::_Umap_traits<_Kty,_Ty,std::_Uhash_compare<_Kty,_Hasher,_Keyeq>,_Alloc,false>>::insert'
          with
          [
              _Kty=const char *,
              _Ty=std::shared_ptr<System>,
              _Hasher=std::hash<const char *>,
              _Keyeq=std::equal_to<const char *>,
              _Alloc=std::allocator<std::pair<const char *const ,std::shared_ptr<System>>>
          ]
C:\Users\Victor\source\repos\DataOrientedShooter\DataOrientedShooter\Coordinator.h(76): message : see reference to function template instantiation 'std::shared_ptr<PhysicsSystem> SystemManager::registerSystem<T>(void)' being compiled
          with
          [
              T=PhysicsSystem
          ]
C:\Users\Victor\source\repos\DataOrientedShooter\DataOrientedShooter\main.cpp(70): message : see reference to function template instantiation 'std::shared_ptr<PhysicsSystem> Coordinator::registerSystem<PhysicsSystem>(void)' being compiled
